<?xml version="1.0" encoding="UTF-8"?>
<testng-results ignored="0" total="3" passed="3" failed="0" skipped="0">
  <reporter-output>
  </reporter-output>
  <suite started-at="2023-07-21T18:16:11 IST" name="Default suite" finished-at="2023-07-21T18:19:48 IST" duration-ms="216878">
    <groups>
    </groups>
    <test started-at="2023-07-21T18:16:11 IST" name="Default test" finished-at="2023-07-21T18:19:48 IST" duration-ms="216878">
      <class name="autowebapp.RegistrationTest">
        <test-method is-config="true" signature="beforeMethod()[pri:0, instance:autowebapp.RegistrationTest@7f0eb4b4]" started-at="2023-07-21T18:16:11 IST" name="beforeMethod" finished-at="2023-07-21T18:16:13 IST" duration-ms="1940" status="PASS">
          <reporter-output>
          </reporter-output>
        </test-method> <!-- beforeMethod -->
        <test-method signature="Register()[pri:1, instance:autowebapp.RegistrationTest@7f0eb4b4]" started-at="2023-07-21T18:16:13 IST" name="Register" finished-at="2023-07-21T18:17:13 IST" duration-ms="60598" status="PASS">
          <reporter-output>
          </reporter-output>
        </test-method> <!-- Register -->
        <test-method is-config="true" signature="beforeMethod()[pri:0, instance:autowebapp.RegistrationTest@7f0eb4b4]" started-at="2023-07-21T18:17:14 IST" name="beforeMethod" finished-at="2023-07-21T18:17:14 IST" duration-ms="860" status="PASS">
          <reporter-output>
          </reporter-output>
        </test-method> <!-- beforeMethod -->
        <test-method signature="login()[pri:2, instance:autowebapp.RegistrationTest@7f0eb4b4]" started-at="2023-07-21T18:17:14 IST" name="login" finished-at="2023-07-21T18:18:21 IST" duration-ms="66951" status="PASS">
          <reporter-output>
          </reporter-output>
        </test-method> <!-- login -->
        <test-method is-config="true" signature="beforeMethod()[pri:0, instance:autowebapp.RegistrationTest@7f0eb4b4]" started-at="2023-07-21T18:18:21 IST" name="beforeMethod" finished-at="2023-07-21T18:18:22 IST" duration-ms="853" status="PASS">
          <reporter-output>
          </reporter-output>
        </test-method> <!-- beforeMethod -->
        <test-method signature="searchandcart()[pri:3, instance:autowebapp.RegistrationTest@7f0eb4b4]" started-at="2023-07-21T18:18:22 IST" name="searchandcart" finished-at="2023-07-21T18:19:48 IST" duration-ms="85606" status="PASS">
          <reporter-output>
          </reporter-output>
        </test-method> <!-- searchandcart -->
      </class> <!-- autowebapp.RegistrationTest -->
    </test> <!-- Default test -->
  </suite> <!-- Default suite -->
</testng-results>
