<?xml version="1.0" encoding="UTF-8"?>
<!-- Generated by org.testng.reporters.JUnitXMLReporter -->
<testsuite ignored="0" hostname="LAPTOP-F8CBBQFQ" failures="0" tests="3" name="Default test" time="216.878" errors="0" timestamp="2023-07-21T18:19:48 IST">
  <testcase classname="autowebapp.RegistrationTest" name="Register" time="60.598"/>
  <testcase classname="autowebapp.RegistrationTest" name="login" time="66.951"/>
  <testcase classname="autowebapp.RegistrationTest" name="searchandcart" time="85.606"/>
</testsuite> <!-- Default test -->
